#! /usr/share/iverilog-0.10.0/bin/vvp
:ivl_version "0.10.0 (devel)" "(v0_9_6)";
:ivl_delay_selection "TYPICAL";
:vpi_time_precision + 0;
:vpi_module "system";
:vpi_module "vhdl_sys";
:vpi_module "v2005_math";
:vpi_module "va_math";
:vpi_module "v2009";
S_0x155c530 .scope module, "Decision_if_tb" "Decision_if_tb" 2 1;
 .timescale 0 0;
v0x1572720_0 .var "Input", 3 0;
v0x1572810_0 .net "Output", 3 1, v0x15725e0_0;  1 drivers
S_0x15577b0 .scope module, "Decision_1" "Decision_if" 2 4, 3 1 0, S_0x155c530;
 .timescale 0 0;
    .port_info 0 /INPUT 4 "I"
    .port_info 1 /OUTPUT 3 "O"
v0x15579c0_0 .net "I", 3 0, v0x1572720_0;  1 drivers
v0x15725e0_0 .var "O", 3 1;
E_0x1557980 .event edge, v0x15579c0_0;
    .scope S_0x15577b0;
T_0 ;
    %wait E_0x1557980;
    %load/v 8, v0x15579c0_0, 4;
    %cmpi/u 8, 0, 4;
    %jmp/0xz  T_0.0, 4;
    %ix/load 0, 2, 0;
    %set/x0 v0x15725e0_0, 1, 1;
    %jmp T_0.1;
T_0.0 ;
    %load/v 8, v0x15579c0_0, 4;
    %cmpi/u 8, 1, 4;
    %jmp/0xz  T_0.2, 4;
    %ix/load 0, 2, 0;
    %set/x0 v0x15725e0_0, 1, 1;
    %jmp T_0.3;
T_0.2 ;
    %load/v 8, v0x15579c0_0, 4;
    %cmpi/u 8, 2, 4;
    %jmp/0xz  T_0.4, 4;
    %ix/load 0, 2, 0;
    %set/x0 v0x15725e0_0, 1, 1;
    %jmp T_0.5;
T_0.4 ;
    %load/v 8, v0x15579c0_0, 4;
    %cmpi/u 8, 4, 4;
    %jmp/0xz  T_0.6, 4;
    %ix/load 0, 2, 0;
    %set/x0 v0x15725e0_0, 1, 1;
    %jmp T_0.7;
T_0.6 ;
    %load/v 8, v0x15579c0_0, 4;
    %cmpi/u 8, 8, 4;
    %jmp/0xz  T_0.8, 4;
    %ix/load 0, 2, 0;
    %set/x0 v0x15725e0_0, 1, 1;
    %jmp T_0.9;
T_0.8 ;
    %ix/load 0, 2, 0;
    %set/x0 v0x15725e0_0, 0, 1;
T_0.9 ;
T_0.7 ;
T_0.5 ;
T_0.3 ;
T_0.1 ;
    %load/v 8, v0x15579c0_0, 4;
    %cmpi/u 8, 3, 4;
    %jmp/0xz  T_0.10, 4;
    %ix/load 0, 1, 0;
    %set/x0 v0x15725e0_0, 1, 1;
    %jmp T_0.11;
T_0.10 ;
    %load/v 8, v0x15579c0_0, 4;
    %cmpi/u 8, 5, 4;
    %jmp/0xz  T_0.12, 4;
    %ix/load 0, 1, 0;
    %set/x0 v0x15725e0_0, 1, 1;
    %jmp T_0.13;
T_0.12 ;
    %load/v 8, v0x15579c0_0, 4;
    %cmpi/u 8, 6, 4;
    %jmp/0xz  T_0.14, 4;
    %ix/load 0, 1, 0;
    %set/x0 v0x15725e0_0, 1, 1;
    %jmp T_0.15;
T_0.14 ;
    %load/v 8, v0x15579c0_0, 4;
    %cmpi/u 8, 9, 4;
    %jmp/0xz  T_0.16, 4;
    %ix/load 0, 1, 0;
    %set/x0 v0x15725e0_0, 1, 1;
    %jmp T_0.17;
T_0.16 ;
    %load/v 8, v0x15579c0_0, 4;
    %cmpi/u 8, 10, 4;
    %jmp/0xz  T_0.18, 4;
    %ix/load 0, 1, 0;
    %set/x0 v0x15725e0_0, 1, 1;
    %jmp T_0.19;
T_0.18 ;
    %load/v 8, v0x15579c0_0, 4;
    %cmpi/u 8, 12, 4;
    %jmp/0xz  T_0.20, 4;
    %ix/load 0, 1, 0;
    %set/x0 v0x15725e0_0, 1, 1;
    %jmp T_0.21;
T_0.20 ;
    %ix/load 0, 1, 0;
    %set/x0 v0x15725e0_0, 0, 1;
T_0.21 ;
T_0.19 ;
T_0.17 ;
T_0.15 ;
T_0.13 ;
T_0.11 ;
    %load/v 8, v0x15579c0_0, 4;
    %cmpi/u 8, 14, 4;
    %mov 8, 4, 1;
    %load/v 9, v0x15579c0_0, 4;
    %cmpi/u 9, 13, 4;
    %or 8, 4, 1;
    %load/v 9, v0x15579c0_0, 4;
    %cmpi/u 9, 11, 4;
    %or 8, 4, 1;
    %load/v 9, v0x15579c0_0, 4;
    %cmpi/u 9, 7, 4;
    %or 8, 4, 1;
    %load/v 9, v0x15579c0_0, 4;
    %cmpi/u 9, 15, 4;
    %or 8, 4, 1;
    %jmp/0xz  T_0.22, 8;
    %ix/load 0, 0, 0;
    %set/x0 v0x15725e0_0, 1, 1;
    %jmp T_0.23;
T_0.22 ;
    %ix/load 0, 0, 0;
    %set/x0 v0x15725e0_0, 0, 1;
T_0.23 ;
    %jmp T_0;
    .thread T_0, $push;
    .scope S_0x155c530;
T_1 ;
    %delay 160, 0;
    %vpi_call/w 2 7 "$finish" {0 0};
    %end;
    .thread T_1;
    .scope S_0x155c530;
T_2 ;
    %delay 0, 0;
    %set/v v0x1572720_0, 0, 4;
    %delay 10, 0;
    %movi 8, 1, 4;
    %set/v v0x1572720_0, 8, 4;
    %delay 10, 0;
    %movi 8, 2, 4;
    %set/v v0x1572720_0, 8, 4;
    %delay 10, 0;
    %movi 8, 3, 4;
    %set/v v0x1572720_0, 8, 4;
    %delay 10, 0;
    %movi 8, 4, 4;
    %set/v v0x1572720_0, 8, 4;
    %delay 10, 0;
    %movi 8, 5, 4;
    %set/v v0x1572720_0, 8, 4;
    %delay 10, 0;
    %movi 8, 6, 4;
    %set/v v0x1572720_0, 8, 4;
    %delay 10, 0;
    %movi 8, 7, 4;
    %set/v v0x1572720_0, 8, 4;
    %delay 10, 0;
    %movi 8, 8, 4;
    %set/v v0x1572720_0, 8, 4;
    %delay 10, 0;
    %movi 8, 9, 4;
    %set/v v0x1572720_0, 8, 4;
    %delay 10, 0;
    %movi 8, 10, 4;
    %set/v v0x1572720_0, 8, 4;
    %delay 10, 0;
    %movi 8, 11, 4;
    %set/v v0x1572720_0, 8, 4;
    %delay 10, 0;
    %movi 8, 12, 4;
    %set/v v0x1572720_0, 8, 4;
    %delay 10, 0;
    %movi 8, 13, 4;
    %set/v v0x1572720_0, 8, 4;
    %delay 10, 0;
    %movi 8, 14, 4;
    %set/v v0x1572720_0, 8, 4;
    %delay 10, 0;
    %set/v v0x1572720_0, 1, 4;
    %end;
    .thread T_2;
    .scope S_0x155c530;
T_3 ;
    %vpi_call/w 2 30 "$dumpfile", "0424.vcd" {0 0};
    %vpi_call/w 2 31 "$dumpvars", 1'sb0, S_0x15577b0 {0 0};
    %end;
    .thread T_3;
# The file index is used to find the file name in the following table.
:file_names 4;
    "N/A";
    "<interactive>";
    "testbench.sv";
    "design.sv";
